INFO:root:this is a info
WARNING:root:this is a warning
WARNING:werkzeug: * Debugger is active!
INFO:werkzeug: * Debugger PIN: 803-640-868
INFO:werkzeug: * Running on http://127.0.0.1:5000/ (Press CTRL+C to quit)
INFO:werkzeug:127.0.0.1 - - [18/Oct/2020 17:15:10] "[37mGET / HTTP/1.1[0m" 200 -
INFO:werkzeug:127.0.0.1 - - [18/Oct/2020 17:15:10] "[37mGET / HTTP/1.1[0m" 200 -
INFO:werkzeug: * Detected change in 'C:\\dev\\°áÀç¹Ù¶÷\\signapp1\\app\\user\\views.py', reloading
INFO:root:this is a info
WARNING:root:this is a warning
WARNING:werkzeug: * Debugger is active!
INFO:werkzeug: * Debugger PIN: 803-640-868
INFO:werkzeug: * Running on http://127.0.0.1:5000/ (Press CTRL+C to quit)
INFO:werkzeug: * Detected change in 'C:\\dev\\°áÀç¹Ù¶÷\\signapp1\\app\\user\\views.py', reloading
INFO:root:this is a info
WARNING:root:this is a warning
WARNING:werkzeug: * Debugger is active!
INFO:werkzeug: * Debugger PIN: 803-640-868
INFO:werkzeug: * Running on http://127.0.0.1:5000/ (Press CTRL+C to quit)
INFO:werkzeug: * Detected change in 'C:\\dev\\°áÀç¹Ù¶÷\\signapp1\\app\\user\\views.py', reloading
INFO:root:this is a info
WARNING:root:this is a warning
WARNING:werkzeug: * Debugger is active!
INFO:werkzeug: * Debugger PIN: 803-640-868
INFO:werkzeug: * Running on http://127.0.0.1:5000/ (Press CTRL+C to quit)
INFO:werkzeug: * Detected change in 'C:\\dev\\°áÀç¹Ù¶÷\\signapp1\\app\\user\\views.py', reloading
INFO:root:this is a info
WARNING:root:this is a warning
WARNING:werkzeug: * Debugger is active!
INFO:werkzeug: * Debugger PIN: 803-640-868
INFO:werkzeug: * Running on http://127.0.0.1:5000/ (Press CTRL+C to quit)
INFO:werkzeug: * Detected change in 'C:\\dev\\°áÀç¹Ù¶÷\\signapp1\\app\\document\\views.py', reloading
INFO:root:this is a info
WARNING:root:this is a warning
WARNING:werkzeug: * Debugger is active!
INFO:werkzeug: * Debugger PIN: 803-640-868
INFO:werkzeug: * Running on http://127.0.0.1:5000/ (Press CTRL+C to quit)
INFO:werkzeug: * Detected change in 'C:\\dev\\°áÀç¹Ù¶÷\\signapp1\\app\\oauth\\views.py', reloading
INFO:root:this is a info
WARNING:root:this is a warning
WARNING:werkzeug: * Debugger is active!
INFO:werkzeug: * Debugger PIN: 803-640-868
INFO:werkzeug: * Running on http://127.0.0.1:5000/ (Press CTRL+C to quit)
INFO:root:this is a info
WARNING:root:this is a warning
INFO:werkzeug: * Restarting with stat
INFO:root:this is a info
WARNING:root:this is a warning
WARNING:werkzeug: * Debugger is active!
INFO:werkzeug: * Debugger PIN: 803-640-868
INFO:werkzeug: * Running on http://127.0.0.1:5000/ (Press CTRL+C to quit)
INFO:werkzeug: * Detected change in 'C:\\dev\\°áÀç¹Ù¶÷\\signapp1\\app\\oauth\\views.py', reloading
INFO:werkzeug: * Restarting with stat
INFO:root:this is a info
WARNING:root:this is a warning
WARNING:werkzeug: * Debugger is active!
INFO:werkzeug: * Debugger PIN: 803-640-868
INFO:werkzeug: * Running on http://127.0.0.1:5000/ (Press CTRL+C to quit)
INFO:root:this is a info
WARNING:root:this is a warning
INFO:werkzeug: * Restarting with stat
INFO:root:this is a info
WARNING:root:this is a warning
WARNING:werkzeug: * Debugger is active!
INFO:werkzeug: * Debugger PIN: 803-640-868
INFO:werkzeug: * Running on http://127.0.0.1:5000/ (Press CTRL+C to quit)
INFO:werkzeug: * Detected change in 'C:\\dev\\°áÀç¹Ù¶÷\\signapp1\\app\\__init__.py', reloading
INFO:werkzeug: * Restarting with stat
INFO:werkzeug: * Restarting with stat
INFO:werkzeug: * Restarting with stat
INFO:werkzeug: * Restarting with stat
